{"/home/ubuntu/unified-backend/apps/analytics/index.ts": {"path":"/home/ubuntu/unified-backend/apps/analytics/index.ts","statementMap":{"0":{"start":{"line":3,"column":4},"end":{"line":3,"column":null}},"1":{"start":{"line":7,"column":21},"end":{"line":7,"column":null}},"2":{"start":{"line":8,"column":4},"end":{"line":8,"column":null}}},"fnMap":{"0":{"name":"(anonymous_0)","decl":{"start":{"line":2,"column":15},"end":{"line":2,"column":28}},"loc":{"start":{"line":2,"column":56},"end":{"line":4,"column":null}},"line":2},"1":{"name":"(anonymous_1)","decl":{"start":{"line":6,"column":15},"end":{"line":6,"column":30}},"loc":{"start":{"line":6,"column":67},"end":{"line":9,"column":null}},"line":6}},"branchMap":{},"s":{"0":1,"1":1,"2":1},"f":{"0":1,"1":1},"b":{},"meta":{"lastBranch":0,"lastFunction":2,"lastStatement":3,"seen":{"f:2:15:2:28":0,"s:3:4:3:Infinity":0,"f:6:15:6:30":1,"s:7:21:7:Infinity":1,"s:8:4:8:Infinity":2}}}
,"/home/ubuntu/unified-backend/apps/ingest/index.ts": {"path":"/home/ubuntu/unified-backend/apps/ingest/index.ts","statementMap":{"0":{"start":{"line":6,"column":18},"end":{"line":6,"column":null}},"1":{"start":{"line":7,"column":20},"end":{"line":7,"column":null}},"2":{"start":{"line":9,"column":4},"end":{"line":19,"column":null}},"3":{"start":{"line":10,"column":21},"end":{"line":10,"column":null}},"4":{"start":{"line":11,"column":6},"end":{"line":18,"column":null}},"5":{"start":{"line":24,"column":4},"end":{"line":24,"column":null}},"6":{"start":{"line":25,"column":4},"end":{"line":25,"column":null}}},"fnMap":{"0":{"name":"(anonymous_0)","decl":{"start":{"line":4,"column":15},"end":{"line":4,"column":23}},"loc":{"start":{"line":4,"column":64},"end":{"line":20,"column":null}},"line":4},"1":{"name":"(anonymous_1)","decl":{"start":{"line":9,"column":30},"end":{"line":9,"column":38}},"loc":{"start":{"line":9,"column":38},"end":{"line":19,"column":5}},"line":9},"2":{"name":"(anonymous_2)","decl":{"start":{"line":22,"column":15},"end":{"line":22,"column":23}},"loc":{"start":{"line":22,"column":76},"end":{"line":26,"column":null}},"line":22}},"branchMap":{},"s":{"0":1,"1":1,"2":1,"3":2,"4":2,"5":0,"6":0},"f":{"0":1,"1":2,"2":1},"b":{},"meta":{"lastBranch":0,"lastFunction":3,"lastStatement":7,"seen":{"f:4:15:4:23":0,"s:6:18:6:Infinity":0,"s:7:20:7:Infinity":1,"s:9:4:19:Infinity":2,"f:9:30:9:38":1,"s:10:21:10:Infinity":3,"s:11:6:18:Infinity":4,"f:22:15:22:23":2,"s:24:4:24:Infinity":5,"s:25:4:25:Infinity":6}}}
,"/home/ubuntu/unified-backend/apps/predict/index.ts": {"path":"/home/ubuntu/unified-backend/apps/predict/index.ts","statementMap":{"0":{"start":{"line":5,"column":24},"end":{"line":5,"column":null}},"1":{"start":{"line":6,"column":23},"end":{"line":6,"column":null}},"2":{"start":{"line":8,"column":4},"end":{"line":15,"column":null}}},"fnMap":{"0":{"name":"(anonymous_0)","decl":{"start":{"line":4,"column":15},"end":{"line":4,"column":27}},"loc":{"start":{"line":4,"column":45},"end":{"line":16,"column":null}},"line":4}},"branchMap":{},"s":{"0":1,"1":1,"2":1},"f":{"0":1},"b":{},"meta":{"lastBranch":0,"lastFunction":1,"lastStatement":3,"seen":{"f:4:15:4:27":0,"s:5:24:5:Infinity":0,"s:6:23:6:Infinity":1,"s:8:4:15:Infinity":2}}}
,"/home/ubuntu/unified-backend/packages/ml-core/index.ts": {"path":"/home/ubuntu/unified-backend/packages/ml-core/index.ts","statementMap":{"0":{"start":{"line":12,"column":16},"end":{"line":12,"column":null}},"1":{"start":{"line":15,"column":4},"end":{"line":19,"column":null}},"2":{"start":{"line":16,"column":6},"end":{"line":18,"column":null}},"3":{"start":{"line":17,"column":8},"end":{"line":17,"column":null}},"4":{"start":{"line":22,"column":4},"end":{"line":24,"column":null}},"5":{"start":{"line":23,"column":6},"end":{"line":23,"column":null}},"6":{"start":{"line":26,"column":4},"end":{"line":26,"column":null}},"7":{"start":{"line":30,"column":4},"end":{"line":37,"column":null}},"8":{"start":{"line":31,"column":23},"end":{"line":31,"column":null}},"9":{"start":{"line":32,"column":19},"end":{"line":32,"column":null}},"10":{"start":{"line":33,"column":6},"end":{"line":36,"column":null}},"11":{"start":{"line":37,"column":22},"end":{"line":37,"column":57}}},"fnMap":{"0":{"name":"(anonymous_0)","decl":{"start":{"line":11,"column":9},"end":{"line":11,"column":28}},"loc":{"start":{"line":11,"column":52},"end":{"line":27,"column":null}},"line":11},"1":{"name":"(anonymous_1)","decl":{"start":{"line":29,"column":9},"end":{"line":29,"column":17}},"loc":{"start":{"line":29,"column":84},"end":{"line":38,"column":null}},"line":29},"2":{"name":"(anonymous_2)","decl":{"start":{"line":30,"column":20},"end":{"line":30,"column":29}},"loc":{"start":{"line":30,"column":29},"end":{"line":37,"column":5}},"line":30},"3":{"name":"(anonymous_3)","decl":{"start":{"line":37,"column":12},"end":{"line":37,"column":13}},"loc":{"start":{"line":37,"column":22},"end":{"line":37,"column":57}},"line":37}},"branchMap":{"0":{"loc":{"start":{"line":15,"column":4},"end":{"line":19,"column":null}},"type":"if","locations":[{"start":{"line":15,"column":4},"end":{"line":19,"column":null}},{"start":{},"end":{}}],"line":15},"1":{"loc":{"start":{"line":15,"column":8},"end":{"line":15,"column":62}},"type":"binary-expr","locations":[{"start":{"line":15,"column":8},"end":{"line":15,"column":37}},{"start":{"line":15,"column":37},"end":{"line":15,"column":62}}],"line":15},"2":{"loc":{"start":{"line":16,"column":6},"end":{"line":18,"column":null}},"type":"if","locations":[{"start":{"line":16,"column":6},"end":{"line":18,"column":null}},{"start":{},"end":{}}],"line":16},"3":{"loc":{"start":{"line":16,"column":10},"end":{"line":16,"column":77}},"type":"binary-expr","locations":[{"start":{"line":16,"column":10},"end":{"line":16,"column":44}},{"start":{"line":16,"column":44},"end":{"line":16,"column":77}}],"line":16},"4":{"loc":{"start":{"line":22,"column":4},"end":{"line":24,"column":null}},"type":"if","locations":[{"start":{"line":22,"column":4},"end":{"line":24,"column":null}},{"start":{},"end":{}}],"line":22},"5":{"loc":{"start":{"line":22,"column":8},"end":{"line":22,"column":52}},"type":"binary-expr","locations":[{"start":{"line":22,"column":8},"end":{"line":22,"column":33}},{"start":{"line":22,"column":33},"end":{"line":22,"column":52}}],"line":22}},"s":{"0":6,"1":6,"2":5,"3":3,"4":6,"5":1,"6":6,"7":2,"8":4,"9":4,"10":4,"11":2},"f":{"0":2,"1":2,"2":4,"3":2},"b":{"0":[5,1],"1":[6,5],"2":[3,2],"3":[5,2],"4":[1,5],"5":[6,1]},"meta":{"lastBranch":6,"lastFunction":4,"lastStatement":12,"seen":{"f:11:9:11:28":0,"s:12:16:12:Infinity":0,"b:15:4:19:Infinity:undefined:undefined:undefined:undefined":0,"s:15:4:19:Infinity":1,"b:15:8:15:37:15:37:15:62":1,"b:16:6:18:Infinity:undefined:undefined:undefined:undefined":2,"s:16:6:18:Infinity":2,"b:16:10:16:44:16:44:16:77":3,"s:17:8:17:Infinity":3,"b:22:4:24:Infinity:undefined:undefined:undefined:undefined":4,"s:22:4:24:Infinity":4,"b:22:8:22:33:22:33:22:52":5,"s:23:6:23:Infinity":5,"s:26:4:26:Infinity":6,"f:29:9:29:17":1,"s:30:4:37:Infinity":7,"f:30:20:30:29":2,"s:31:23:31:Infinity":8,"s:32:19:32:Infinity":9,"s:33:6:36:Infinity":10,"f:37:12:37:13":3,"s:37:22:37:57":11}}}
,"/home/ubuntu/unified-backend/packages/security/index.ts": {"path":"/home/ubuntu/unified-backend/packages/security/index.ts","statementMap":{"0":{"start":{"line":12,"column":4},"end":{"line":14,"column":null}},"1":{"start":{"line":13,"column":6},"end":{"line":13,"column":null}},"2":{"start":{"line":15,"column":4},"end":{"line":17,"column":null}},"3":{"start":{"line":16,"column":6},"end":{"line":16,"column":null}},"4":{"start":{"line":18,"column":4},"end":{"line":18,"column":null}},"5":{"start":{"line":23,"column":4},"end":{"line":23,"column":null}}},"fnMap":{"0":{"name":"(anonymous_0)","decl":{"start":{"line":11,"column":15},"end":{"line":11,"column":30}},"loc":{"start":{"line":11,"column":68},"end":{"line":19,"column":null}},"line":11},"1":{"name":"(anonymous_1)","decl":{"start":{"line":21,"column":15},"end":{"line":21,"column":46}},"loc":{"start":{"line":21,"column":46},"end":{"line":24,"column":null}},"line":21}},"branchMap":{"0":{"loc":{"start":{"line":12,"column":4},"end":{"line":14,"column":null}},"type":"if","locations":[{"start":{"line":12,"column":4},"end":{"line":14,"column":null}},{"start":{},"end":{}}],"line":12},"1":{"loc":{"start":{"line":15,"column":4},"end":{"line":17,"column":null}},"type":"if","locations":[{"start":{"line":15,"column":4},"end":{"line":17,"column":null}},{"start":{},"end":{}}],"line":15},"2":{"loc":{"start":{"line":16,"column":16},"end":{"line":16,"column":null}},"type":"binary-expr","locations":[{"start":{"line":16,"column":16},"end":{"line":16,"column":48}},{"start":{"line":16,"column":48},"end":{"line":16,"column":null}}],"line":16}},"s":{"0":4,"1":2,"2":2,"3":2,"4":0,"5":1},"f":{"0":1,"1":1},"b":{"0":[2,2],"1":[2,0],"2":[2,2]},"meta":{"lastBranch":3,"lastFunction":2,"lastStatement":6,"seen":{"f:11:15:11:30":0,"b:12:4:14:Infinity:undefined:undefined:undefined:undefined":0,"s:12:4:14:Infinity":0,"s:13:6:13:Infinity":1,"b:15:4:17:Infinity:undefined:undefined:undefined:undefined":1,"s:15:4:17:Infinity":2,"s:16:6:16:Infinity":3,"b:16:16:16:48:16:48:16:Infinity":2,"s:18:4:18:Infinity":4,"f:21:15:21:46":1,"s:23:4:23:Infinity":5}}}
}
